[2025-10-06T21:09:11.357+0000] {taskinstance.py:1083} INFO - Dependencies all met for <TaskInstance: Airflow_Lab1.build_save_model_task manual__2025-10-06T21:09:05.794951+00:00 [queued]>
[2025-10-06T21:09:11.361+0000] {taskinstance.py:1083} INFO - Dependencies all met for <TaskInstance: Airflow_Lab1.build_save_model_task manual__2025-10-06T21:09:05.794951+00:00 [queued]>
[2025-10-06T21:09:11.361+0000] {taskinstance.py:1279} INFO - 
--------------------------------------------------------------------------------
[2025-10-06T21:09:11.362+0000] {taskinstance.py:1280} INFO - Starting attempt 1 of 1
[2025-10-06T21:09:11.362+0000] {taskinstance.py:1281} INFO - 
--------------------------------------------------------------------------------
[2025-10-06T21:09:11.367+0000] {taskinstance.py:1300} INFO - Executing <Task(PythonOperator): build_save_model_task> on 2025-10-06 21:09:05.794951+00:00
[2025-10-06T21:09:11.371+0000] {standard_task_runner.py:55} INFO - Started process 220 to run task
[2025-10-06T21:09:11.373+0000] {standard_task_runner.py:82} INFO - Running: ['***', 'tasks', 'run', 'Airflow_Lab1', 'build_save_model_task', 'manual__2025-10-06T21:09:05.794951+00:00', '--job-id', '5', '--raw', '--subdir', 'DAGS_FOLDER/***.py', '--cfg-path', '/tmp/tmpca3p7xkl']
[2025-10-06T21:09:11.374+0000] {standard_task_runner.py:83} INFO - Job 5: Subtask build_save_model_task
[2025-10-06T21:09:11.398+0000] {task_command.py:388} INFO - Running <TaskInstance: Airflow_Lab1.build_save_model_task manual__2025-10-06T21:09:05.794951+00:00 [running]> on host 179f3f918b94
[2025-10-06T21:09:11.430+0000] {taskinstance.py:1509} INFO - Exporting the following env vars:
AIRFLOW_CTX_DAG_OWNER=akshaj
AIRFLOW_CTX_DAG_ID=Airflow_Lab1
AIRFLOW_CTX_TASK_ID=build_save_model_task
AIRFLOW_CTX_EXECUTION_DATE=2025-10-06T21:09:05.794951+00:00
AIRFLOW_CTX_TRY_NUMBER=1
AIRFLOW_CTX_DAG_RUN_ID=manual__2025-10-06T21:09:05.794951+00:00
[2025-10-06T21:09:11.668+0000] {logging_mixin.py:137} INFO - Elbow curve saved at /opt/***/dags/src/../data/elbow_curve.png
[2025-10-06T21:09:11.668+0000] {python.py:177} INFO - Done. Returned value was: [23.040720326039906, 13.993505283127977, 9.058985215159453, 6.110312266413655, 3.5831179059525606, 3.1003435707513756, 2.6252512977286324, 2.236640186183643, 1.9838958373407432, 1.6775434765703885]
[2025-10-06T21:09:11.679+0000] {taskinstance.py:1323} INFO - Marking task as SUCCESS. dag_id=Airflow_Lab1, task_id=build_save_model_task, execution_date=20251006T210905, start_date=20251006T210911, end_date=20251006T210911
[2025-10-06T21:09:11.720+0000] {local_task_job.py:208} INFO - Task exited with return code 0
[2025-10-06T21:09:11.739+0000] {taskinstance.py:2578} INFO - 0 downstream tasks scheduled from follow-on schedule check
