[2025-10-06T21:10:50.583+0000] {taskinstance.py:1083} INFO - Dependencies all met for <TaskInstance: Airflow_Lab1.load_model_task manual__2025-10-06T21:10:42.000453+00:00 [queued]>
[2025-10-06T21:10:50.587+0000] {taskinstance.py:1083} INFO - Dependencies all met for <TaskInstance: Airflow_Lab1.load_model_task manual__2025-10-06T21:10:42.000453+00:00 [queued]>
[2025-10-06T21:10:50.588+0000] {taskinstance.py:1279} INFO - 
--------------------------------------------------------------------------------
[2025-10-06T21:10:50.588+0000] {taskinstance.py:1280} INFO - Starting attempt 1 of 1
[2025-10-06T21:10:50.588+0000] {taskinstance.py:1281} INFO - 
--------------------------------------------------------------------------------
[2025-10-06T21:10:50.595+0000] {taskinstance.py:1300} INFO - Executing <Task(PythonOperator): load_model_task> on 2025-10-06 21:10:42.000453+00:00
[2025-10-06T21:10:50.602+0000] {standard_task_runner.py:55} INFO - Started process 445 to run task
[2025-10-06T21:10:50.609+0000] {standard_task_runner.py:82} INFO - Running: ['***', 'tasks', 'run', 'Airflow_Lab1', 'load_model_task', 'manual__2025-10-06T21:10:42.000453+00:00', '--job-id', '12', '--raw', '--subdir', 'DAGS_FOLDER/***.py', '--cfg-path', '/tmp/tmpmhji97z5']
[2025-10-06T21:10:50.610+0000] {standard_task_runner.py:83} INFO - Job 12: Subtask load_model_task
[2025-10-06T21:10:50.676+0000] {task_command.py:388} INFO - Running <TaskInstance: Airflow_Lab1.load_model_task manual__2025-10-06T21:10:42.000453+00:00 [running]> on host 179f3f918b94
[2025-10-06T21:10:50.723+0000] {taskinstance.py:1509} INFO - Exporting the following env vars:
AIRFLOW_CTX_DAG_OWNER=akshaj
AIRFLOW_CTX_DAG_ID=Airflow_Lab1
AIRFLOW_CTX_TASK_ID=load_model_task
AIRFLOW_CTX_EXECUTION_DATE=2025-10-06T21:10:42.000453+00:00
AIRFLOW_CTX_TRY_NUMBER=1
AIRFLOW_CTX_DAG_RUN_ID=manual__2025-10-06T21:10:42.000453+00:00
[2025-10-06T21:10:50.777+0000] {python.py:177} INFO - Done. Returned value was: Cluster 4, Optimal number of clusters: 5
[2025-10-06T21:10:50.839+0000] {taskinstance.py:1323} INFO - Marking task as SUCCESS. dag_id=Airflow_Lab1, task_id=load_model_task, execution_date=20251006T211042, start_date=20251006T211050, end_date=20251006T211050
[2025-10-06T21:10:50.873+0000] {local_task_job.py:208} INFO - Task exited with return code 0
[2025-10-06T21:10:50.882+0000] {taskinstance.py:2578} INFO - 0 downstream tasks scheduled from follow-on schedule check
