[2025-10-06T21:07:37.679+0000] {manager.py:483} INFO - Processing files using up to 2 processes at a time 
[2025-10-06T21:07:37.684+0000] {manager.py:484} INFO - Process each file at most once every 30 seconds
[2025-10-06T21:07:37.684+0000] {manager.py:486} INFO - Checking for new files in /opt/airflow/dags every 300 seconds
[2025-10-06T21:07:37.685+0000] {manager.py:726} INFO - Searching for files in /opt/airflow/dags
[2025-10-06T21:07:37.694+0000] {manager.py:729} INFO - There are 1 files in /opt/airflow/dags
[2025-10-06T21:07:37.743+0000] {manager.py:854} INFO - 
================================================================================
DAG File Processing Stats

File Path                       PID  Runtime      # DAGs    # Errors  Last Runtime    Last Run
----------------------------  -----  ---------  --------  ----------  --------------  ----------
/opt/airflow/dags/airflow.py     65  0.02s             0           0
================================================================================
[2025-10-06T21:08:07.957+0000] {manager.py:854} INFO - 
================================================================================
DAG File Processing Stats

File Path                     PID    Runtime      # DAGs    # Errors  Last Runtime    Last Run
----------------------------  -----  ---------  --------  ----------  --------------  -------------------
/opt/airflow/dags/airflow.py                           1           0  2.45s           2025-10-06T21:07:40
================================================================================
[2025-10-06T21:08:38.224+0000] {manager.py:854} INFO - 
================================================================================
DAG File Processing Stats

File Path                     PID    Runtime      # DAGs    # Errors  Last Runtime    Last Run
----------------------------  -----  ---------  --------  ----------  --------------  -------------------
/opt/airflow/dags/airflow.py                           1           0  0.94s           2025-10-06T21:08:11
================================================================================
[2025-10-06T21:09:08.490+0000] {manager.py:854} INFO - 
================================================================================
DAG File Processing Stats

File Path                     PID    Runtime      # DAGs    # Errors  Last Runtime    Last Run
----------------------------  -----  ---------  --------  ----------  --------------  -------------------
/opt/airflow/dags/airflow.py                           1           0  0.82s           2025-10-06T21:08:42
================================================================================
[2025-10-06T21:09:39.083+0000] {manager.py:854} INFO - 
================================================================================
DAG File Processing Stats

File Path                     PID    Runtime      # DAGs    # Errors  Last Runtime    Last Run
----------------------------  -----  ---------  --------  ----------  --------------  -------------------
/opt/airflow/dags/airflow.py                           1           0  1.08s           2025-10-06T21:09:13
================================================================================
[2025-10-06T21:10:09.644+0000] {manager.py:854} INFO - 
================================================================================
DAG File Processing Stats

File Path                     PID    Runtime      # DAGs    # Errors  Last Runtime    Last Run
----------------------------  -----  ---------  --------  ----------  --------------  -------------------
/opt/airflow/dags/airflow.py                           1           0  1.61s           2025-10-06T21:09:45
================================================================================
[2025-10-06T21:10:39.946+0000] {manager.py:854} INFO - 
================================================================================
DAG File Processing Stats

File Path                     PID    Runtime      # DAGs    # Errors  Last Runtime    Last Run
----------------------------  -----  ---------  --------  ----------  --------------  -------------------
/opt/airflow/dags/airflow.py                           1           0  0.94s           2025-10-06T21:10:16
================================================================================
[2025-10-06T21:11:10.494+0000] {manager.py:854} INFO - 
================================================================================
DAG File Processing Stats

File Path                     PID    Runtime      # DAGs    # Errors  Last Runtime    Last Run
----------------------------  -----  ---------  --------  ----------  --------------  -------------------
/opt/airflow/dags/airflow.py                           1           0  1.37s           2025-10-06T21:10:48
================================================================================
[2025-10-06T21:11:40.579+0000] {manager.py:854} INFO - 
================================================================================
DAG File Processing Stats

File Path                     PID    Runtime      # DAGs    # Errors  Last Runtime    Last Run
----------------------------  -----  ---------  --------  ----------  --------------  -------------------
/opt/airflow/dags/airflow.py                           1           0  0.82s           2025-10-06T21:11:19
================================================================================
[2025-10-06T21:12:10.767+0000] {manager.py:854} INFO - 
================================================================================
DAG File Processing Stats

File Path                     PID    Runtime      # DAGs    # Errors  Last Runtime    Last Run
----------------------------  -----  ---------  --------  ----------  --------------  -------------------
/opt/airflow/dags/airflow.py                           1           0  0.91s           2025-10-06T21:11:50
================================================================================
[2025-10-06T21:12:33.498+0000] {manager.py:465} INFO - Exiting gracefully upon receiving signal 15
