[2025-10-06T21:10:47.784+0000] {taskinstance.py:1083} INFO - Dependencies all met for <TaskInstance: Airflow_Lab1.build_save_model_task manual__2025-10-06T21:10:42.000453+00:00 [queued]>
[2025-10-06T21:10:47.793+0000] {taskinstance.py:1083} INFO - Dependencies all met for <TaskInstance: Airflow_Lab1.build_save_model_task manual__2025-10-06T21:10:42.000453+00:00 [queued]>
[2025-10-06T21:10:47.793+0000] {taskinstance.py:1279} INFO - 
--------------------------------------------------------------------------------
[2025-10-06T21:10:47.794+0000] {taskinstance.py:1280} INFO - Starting attempt 1 of 1
[2025-10-06T21:10:47.794+0000] {taskinstance.py:1281} INFO - 
--------------------------------------------------------------------------------
[2025-10-06T21:10:47.814+0000] {taskinstance.py:1300} INFO - Executing <Task(PythonOperator): build_save_model_task> on 2025-10-06 21:10:42.000453+00:00
[2025-10-06T21:10:47.825+0000] {standard_task_runner.py:55} INFO - Started process 424 to run task
[2025-10-06T21:10:47.836+0000] {standard_task_runner.py:82} INFO - Running: ['***', 'tasks', 'run', 'Airflow_Lab1', 'build_save_model_task', 'manual__2025-10-06T21:10:42.000453+00:00', '--job-id', '10', '--raw', '--subdir', 'DAGS_FOLDER/***.py', '--cfg-path', '/tmp/tmpeyyn586c']
[2025-10-06T21:10:47.845+0000] {standard_task_runner.py:83} INFO - Job 10: Subtask build_save_model_task
[2025-10-06T21:10:47.930+0000] {task_command.py:388} INFO - Running <TaskInstance: Airflow_Lab1.build_save_model_task manual__2025-10-06T21:10:42.000453+00:00 [running]> on host 179f3f918b94
[2025-10-06T21:10:47.992+0000] {taskinstance.py:1509} INFO - Exporting the following env vars:
AIRFLOW_CTX_DAG_OWNER=akshaj
AIRFLOW_CTX_DAG_ID=Airflow_Lab1
AIRFLOW_CTX_TASK_ID=build_save_model_task
AIRFLOW_CTX_EXECUTION_DATE=2025-10-06T21:10:42.000453+00:00
AIRFLOW_CTX_TRY_NUMBER=1
AIRFLOW_CTX_DAG_RUN_ID=manual__2025-10-06T21:10:42.000453+00:00
[2025-10-06T21:10:48.541+0000] {logging_mixin.py:137} INFO - Elbow curve saved at /opt/***/dags/src/../data/elbow_curve.png
[2025-10-06T21:10:48.542+0000] {python.py:177} INFO - Done. Returned value was: [23.04072032603991, 13.993505283127975, 9.058985215159455, 6.110312266413654, 3.5831179059525606, 3.100343570751375, 2.625251297728633, 2.2366401861836436, 1.9838958373407432, 1.6775434765703885]
[2025-10-06T21:10:48.561+0000] {taskinstance.py:1323} INFO - Marking task as SUCCESS. dag_id=Airflow_Lab1, task_id=build_save_model_task, execution_date=20251006T211042, start_date=20251006T211047, end_date=20251006T211048
[2025-10-06T21:10:48.603+0000] {local_task_job.py:208} INFO - Task exited with return code 0
[2025-10-06T21:10:48.618+0000] {taskinstance.py:2578} INFO - 2 downstream tasks scheduled from follow-on schedule check
